/home/fstars/.bashrc: line 10: bind: warning: line editing not enabled
/home/fstars/.bashrc: line 11: bind: warning: line editing not enabled
Traceback (most recent call last):
  File "dwf_prepipe_processccd.py", line 13, in <module>
    import astropy.io.fits as pyfits
ModuleNotFoundError: No module named 'astropy'
Traceback (most recent call last):
  File "dwf_prepipe_processccd.py", line 13, in <module>
    import astropy.io.fits as pyfits
ModuleNotFoundError: No module named 'astropy'
Traceback (most recent call last):
  File "dwf_prepipe_processccd.py", line 13, in <module>
    import astropy.io.fits as pyfits
ModuleNotFoundError: No module named 'astropy'
Traceback (most recent call last):
  File "dwf_prepipe_processccd.py", line 13, in <module>
    import astropy.io.fits as pyfits
ModuleNotFoundError: No module named 'astropy'
Traceback (most recent call last):
  File "dwf_prepipe_processccd.py", line 13, in <module>
    import astropy.io.fits as pyfits
ModuleNotFoundError: No module named 'astropy'
Traceback (most recent call last):
  File "dwf_prepipe_processccd.py", line 13, in <module>
    import astropy.io.fits as pyfits
ModuleNotFoundError: No module named 'astropy'
Traceback (most recent call last):
  File "dwf_prepipe_processccd.py", line 13, in <module>
    import astropy.io.fits as pyfits
ModuleNotFoundError: No module named 'astropy'
Traceback (most recent call last):
  File "dwf_prepipe_processccd.py", line 13, in <module>
    import astropy.io.fits as pyfits
ModuleNotFoundError: No module named 'astropy'
Traceback (most recent call last):
  File "dwf_prepipe_processccd.py", line 13, in <module>
    import astropy.io.fits as pyfits
ModuleNotFoundError: No module named 'astropy'
Traceback (most recent call last):
  File "dwf_prepipe_processccd.py", line 13, in <module>
    import astropy.io.fits as pyfits
ModuleNotFoundError: No module named 'astropy'
Traceback (most recent call last):
  File "dwf_prepipe_processccd.py", line 13, in <module>
    import astropy.io.fits as pyfits
ModuleNotFoundError: No module named 'astropy'
Traceback (most recent call last):
  File "dwf_prepipe_processccd.py", line 13, in <module>
    import astropy.io.fits as pyfits
ModuleNotFoundError: No module named 'astropy'
Traceback (most recent call last):
  File "dwf_prepipe_processccd.py", line 13, in <module>
    import astropy.io.fits as pyfits
ModuleNotFoundError: No module named 'astropy'
Traceback (most recent call last):
  File "dwf_prepipe_processccd.py", line 13, in <module>
    import astropy.io.fits as pyfits
ModuleNotFoundError: No module named 'astropy'
Traceback (most recent call last):
  File "dwf_prepipe_processccd.py", line 13, in <module>
    import astropy.io.fits as pyfits
ModuleNotFoundError: No module named 'astropy'
Traceback (most recent call last):
  File "dwf_prepipe_processccd.py", line 13, in <module>
    import astropy.io.fits as pyfits
ModuleNotFoundError: No module named 'astropy'
Traceback (most recent call last):
  File "dwf_prepipe_processccd.py", line 13, in <module>
    import astropy.io.fits as pyfits
ModuleNotFoundError: No module named 'astropy'
Traceback (most recent call last):
  File "dwf_prepipe_processccd.py", line 13, in <module>
    import astropy.io.fits as pyfits
ModuleNotFoundError: No module named 'astropy'
Traceback (most recent call last):
  File "dwf_prepipe_processccd.py", line 13, in <module>
    import astropy.io.fits as pyfits
ModuleNotFoundError: No module named 'astropy'
Traceback (most recent call last):
  File "dwf_prepipe_processccd.py", line 13, in <module>
    import astropy.io.fits as pyfits
ModuleNotFoundError: No module named 'astropy'
Traceback (most recent call last):
  File "dwf_prepipe_processccd.py", line 13, in <module>
    import astropy.io.fits as pyfits
ModuleNotFoundError: No module named 'astropy'
Traceback (most recent call last):
  File "dwf_prepipe_processccd.py", line 13, in <module>
    import astropy.io.fits as pyfits
ModuleNotFoundError: No module named 'astropy'
Traceback (most recent call last):
  File "dwf_prepipe_processccd.py", line 13, in <module>
    import astropy.io.fits as pyfits
ModuleNotFoundError: No module named 'astropy'
Traceback (most recent call last):
  File "dwf_prepipe_processccd.py", line 13, in <module>
    import astropy.io.fits as pyfits
ModuleNotFoundError: No module named 'astropy'
Traceback (most recent call last):
  File "dwf_prepipe_processccd.py", line 13, in <module>
    import astropy.io.fits as pyfits
ModuleNotFoundError: No module named 'astropy'
Traceback (most recent call last):
  File "dwf_prepipe_processccd.py", line 13, in <module>
    import astropy.io.fits as pyfits
ModuleNotFoundError: No module named 'astropy'
Traceback (most recent call last):
  File "dwf_prepipe_processccd.py", line 13, in <module>
    import astropy.io.fits as pyfits
ModuleNotFoundError: No module named 'astropy'
Traceback (most recent call last):
  File "dwf_prepipe_processccd.py", line 13, in <module>
    import astropy.io.fits as pyfits
ModuleNotFoundError: No module named 'astropy'
Traceback (most recent call last):
  File "dwf_prepipe_processccd.py", line 13, in <module>
    import astropy.io.fits as pyfits
ModuleNotFoundError: No module named 'astropy'
Traceback (most recent call last):
  File "dwf_prepipe_processccd.py", line 13, in <module>
    import astropy.io.fits as pyfits
ModuleNotFoundError: No module named 'astropy'
Traceback (most recent call last):
  File "dwf_prepipe_processccd.py", line 13, in <module>
    import astropy.io.fits as pyfits
ModuleNotFoundError: No module named 'astropy'
Traceback (most recent call last):
  File "dwf_prepipe_processccd.py", line 13, in <module>
    import astropy.io.fits as pyfits
ModuleNotFoundError: No module named 'astropy'
Traceback (most recent call last):
  File "dwf_prepipe_processccd.py", line 13, in <module>
    import astropy.io.fits as pyfits
ModuleNotFoundError: No module named 'astropy'
Traceback (most recent call last):
  File "dwf_prepipe_processccd.py", line 13, in <module>
    import astropy.io.fits as pyfits
ModuleNotFoundError: No module named 'astropy'
Traceback (most recent call last):
  File "dwf_prepipe_processccd.py", line 13, in <module>
    import astropy.io.fits as pyfits
ModuleNotFoundError: No module named 'astropy'
Traceback (most recent call last):
  File "dwf_prepipe_processccd.py", line 13, in <module>
    import astropy.io.fits as pyfits
ModuleNotFoundError: No module named 'astropy'
Traceback (most recent call last):
  File "dwf_prepipe_processccd.py", line 13, in <module>
    import astropy.io.fits as pyfits
ModuleNotFoundError: No module named 'astropy'
Traceback (most recent call last):
  File "dwf_prepipe_processccd.py", line 13, in <module>
    import astropy.io.fits as pyfits
ModuleNotFoundError: No module named 'astropy'
Traceback (most recent call last):
  File "dwf_prepipe_processccd.py", line 13, in <module>
    import astropy.io.fits as pyfits
ModuleNotFoundError: No module named 'astropy'
Traceback (most recent call last):
  File "dwf_prepipe_processccd.py", line 13, in <module>
    import astropy.io.fits as pyfits
ModuleNotFoundError: No module named 'astropy'
Traceback (most recent call last):
  File "dwf_prepipe_processccd.py", line 13, in <module>
    import astropy.io.fits as pyfits
ModuleNotFoundError: No module named 'astropy'
Traceback (most recent call last):
  File "dwf_prepipe_processccd.py", line 13, in <module>
    import astropy.io.fits as pyfits
ModuleNotFoundError: No module named 'astropy'
Traceback (most recent call last):
  File "dwf_prepipe_processccd.py", line 13, in <module>
    import astropy.io.fits as pyfits
ModuleNotFoundError: No module named 'astropy'
Traceback (most recent call last):
  File "dwf_prepipe_processccd.py", line 13, in <module>
    import astropy.io.fits as pyfits
ModuleNotFoundError: No module named 'astropy'
Traceback (most recent call last):
  File "dwf_prepipe_processccd.py", line 13, in <module>
    import astropy.io.fits as pyfits
ModuleNotFoundError: No module named 'astropy'
Traceback (most recent call last):
  File "dwf_prepipe_processccd.py", line 13, in <module>
    import astropy.io.fits as pyfits
ModuleNotFoundError: No module named 'astropy'
Traceback (most recent call last):
  File "dwf_prepipe_processccd.py", line 13, in <module>
    import astropy.io.fits as pyfits
ModuleNotFoundError: No module named 'astropy'
Traceback (most recent call last):
  File "dwf_prepipe_processccd.py", line 13, in <module>
    import astropy.io.fits as pyfits
ModuleNotFoundError: No module named 'astropy'
Traceback (most recent call last):
  File "dwf_prepipe_processccd.py", line 13, in <module>
    import astropy.io.fits as pyfits
ModuleNotFoundError: No module named 'astropy'
Traceback (most recent call last):
  File "dwf_prepipe_processccd.py", line 13, in <module>
    import astropy.io.fits as pyfits
ModuleNotFoundError: No module named 'astropy'
