Moving /fred/oz100/pipes/DWF_PIPE/CTIO_PUSH/untar/DECam_00912821_6.jp2 to /fred/oz100/pipes/DWF_PIPE/CTIO_PUSH/untar/DECam_00912821_6.jp2
--------*****
/fred/oz100/pipes/DWF_PIPE/CTIO_PUSH/untar/DECam_00912821_6.fits
Uncompressing: DECam_00912821_6.jp2 in path: /fred/oz100/pipes/DWF_PIPE/CTIO_PUSH/untar/
--------*****
['j2f_DECam', '-i', '/fred/oz100/pipes/DWF_PIPE/CTIO_PUSH/untar/DECam_00912821_6.jp2', '-o', '/fred/oz100/pipes/DWF_PIPE/CTIO_PUSH/untar/DECam_00912821_6.fits', '-num_threads', '1']
Directory Exists: /fred/oz100/pipes/arest/DECAM/DEFAULT/rawdata/ut191202/
Directory Exists: /fred/oz100/pipes/arest/DECAM/DEFAULT/rawdata/ut191202/6/
Directory Exists: /fred/oz100/pipes/arest/DECAM/DEFAULT/workspace/ut191202/
Directory Exists: /fred/oz100/pipes/arest/DECAM/DEFAULT/workspace/ut191202/6/
Renaming DECam_00912821_6.jp2 to FRB171019.i.ut191202.912821_6.fits
And moving to: /fred/oz100/pipes/arest/DECAM/DEFAULT/rawdata/ut191202/6/
Prepipe Warning: No master flat detected! Looking for an individual flat..
Prepipe Error: No flats detected! Exiting 
Moving /fred/oz100/pipes/DWF_PIPE/CTIO_PUSH/untar/DECam_00912880_49.jp2 to /fred/oz100/pipes/DWF_PIPE/CTIO_PUSH/untar/DECam_00912880_49.jp2
--------*****
/fred/oz100/pipes/DWF_PIPE/CTIO_PUSH/untar/DECam_00912880_49.fits
Uncompressing: DECam_00912880_49.jp2 in path: /fred/oz100/pipes/DWF_PIPE/CTIO_PUSH/untar/
--------*****
['j2f_DECam', '-i', '/fred/oz100/pipes/DWF_PIPE/CTIO_PUSH/untar/DECam_00912880_49.jp2', '-o', '/fred/oz100/pipes/DWF_PIPE/CTIO_PUSH/untar/DECam_00912880_49.fits', '-num_threads', '1']
Directory Exists: /fred/oz100/pipes/arest/DECAM/DEFAULT/rawdata/ut191202/
Directory Exists: /fred/oz100/pipes/arest/DECAM/DEFAULT/rawdata/ut191202/49/
Directory Exists: /fred/oz100/pipes/arest/DECAM/DEFAULT/workspace/ut191202/
Directory Exists: /fred/oz100/pipes/arest/DECAM/DEFAULT/workspace/ut191202/49/
Renaming DECam_00912880_49.jp2 to FRB171019.g.ut191202.912880_49.fits
And moving to: /fred/oz100/pipes/arest/DECAM/DEFAULT/rawdata/ut191202/49/
Prepipe Warning: No master flat detected! Looking for an individual flat..
Prepipe Warning: No master bias detected! Looking for an individual bias..
Traceback (most recent call last):
  File "dwf_prepipe_processccd.py", line 275, in <module>
    main()
  File "dwf_prepipe_processccd.py", line 268, in main
    f"--man-gaia=/fred/oz100/pipes/DWF_PIPE/GAIA_DR2/{Field}_gaia_dr2_LDAC.fits"] )
  File "/apps/skylake/software/compiler/gcc/6.4.0/python/3.6.4/lib/python3.6/subprocess.py", line 291, in check_call
    raise CalledProcessError(retcode, cmd)
subprocess.CalledProcessError: Command '['python', '/home/fstars/dwf_prepipe/dwf_prepipe_preprocess_new.py', '--input-frames=/fred/oz100/pipes/arest/DECAM/DEFAULT/workspace/ut191202/49/FRB171019.g.ut191202.912880_49.fits', '--flat-frames=/fred/oz100/pipes/arest/DECAM/DEFAULT/rawdata/ut191202/49/domeflat.g.ut191202.912782_49.fits', '--bias-frames=/fred/oz100/pipes/arest/DECAM/DEFAULT/rawdata/ut191202/49/bias.ut191202.912694_49.fits', '--badcol-mask=/home/fstars/dwf_prepipe/masks', '--with-scamp-exec=/home/fstars/scamp_gaia/bin/scamp', '--man-gaia=/fred/oz100/pipes/DWF_PIPE/GAIA_DR2/FRB171019_gaia_dr2_LDAC.fits']' died with <Signals.SIGKILL: 9>.
Moving /fred/oz100/pipes/DWF_PIPE/CTIO_PUSH/untar/DECam_00912848_13.jp2 to /fred/oz100/pipes/DWF_PIPE/CTIO_PUSH/untar/DECam_00912848_13.jp2
--------*****
/fred/oz100/pipes/DWF_PIPE/CTIO_PUSH/untar/DECam_00912848_13.fits
Uncompressing: DECam_00912848_13.jp2 in path: /fred/oz100/pipes/DWF_PIPE/CTIO_PUSH/untar/
--------*****
['j2f_DECam', '-i', '/fred/oz100/pipes/DWF_PIPE/CTIO_PUSH/untar/DECam_00912848_13.jp2', '-o', '/fred/oz100/pipes/DWF_PIPE/CTIO_PUSH/untar/DECam_00912848_13.fits', '-num_threads', '1']
Directory Exists: /fred/oz100/pipes/arest/DECAM/DEFAULT/rawdata/ut191202/
Directory Exists: /fred/oz100/pipes/arest/DECAM/DEFAULT/rawdata/ut191202/13/
Directory Exists: /fred/oz100/pipes/arest/DECAM/DEFAULT/workspace/ut191202/
Directory Exists: /fred/oz100/pipes/arest/DECAM/DEFAULT/workspace/ut191202/13/
Renaming DECam_00912848_13.jp2 to FRB171019.g.ut191202.912848_13.fits
And moving to: /fred/oz100/pipes/arest/DECAM/DEFAULT/rawdata/ut191202/13/
Prepipe Warning: No master flat detected! Looking for an individual flat..
Prepipe Warning: No master bias detected! Looking for an individual bias..
Traceback (most recent call last):
  File "dwf_prepipe_processccd.py", line 275, in <module>
    main()
  File "dwf_prepipe_processccd.py", line 268, in main
    f"--man-gaia=/fred/oz100/pipes/DWF_PIPE/GAIA_DR2/{Field}_gaia_dr2_LDAC.fits"] )
  File "/apps/skylake/software/compiler/gcc/6.4.0/python/3.6.4/lib/python3.6/subprocess.py", line 291, in check_call
    raise CalledProcessError(retcode, cmd)
subprocess.CalledProcessError: Command '['python', '/home/fstars/dwf_prepipe/dwf_prepipe_preprocess_new.py', '--input-frames=/fred/oz100/pipes/arest/DECAM/DEFAULT/workspace/ut191202/13/FRB171019.g.ut191202.912848_13.fits', '--flat-frames=/fred/oz100/pipes/arest/DECAM/DEFAULT/rawdata/ut191202/13/domeflat.g.ut191202.912782_13.fits', '--bias-frames=/fred/oz100/pipes/arest/DECAM/DEFAULT/rawdata/ut191202/13/bias.ut191202.912694_13.fits', '--badcol-mask=/home/fstars/dwf_prepipe/masks', '--with-scamp-exec=/home/fstars/scamp_gaia/bin/scamp', '--man-gaia=/fred/oz100/pipes/DWF_PIPE/GAIA_DR2/FRB171019_gaia_dr2_LDAC.fits']' died with <Signals.SIGKILL: 9>.
Moving /fred/oz100/pipes/DWF_PIPE/CTIO_PUSH/untar/DECam_00912862_38.jp2 to /fred/oz100/pipes/DWF_PIPE/CTIO_PUSH/untar/DECam_00912862_38.jp2
--------*****
/fred/oz100/pipes/DWF_PIPE/CTIO_PUSH/untar/DECam_00912862_38.fits
Uncompressing: DECam_00912862_38.jp2 in path: /fred/oz100/pipes/DWF_PIPE/CTIO_PUSH/untar/
--------*****
['j2f_DECam', '-i', '/fred/oz100/pipes/DWF_PIPE/CTIO_PUSH/untar/DECam_00912862_38.jp2', '-o', '/fred/oz100/pipes/DWF_PIPE/CTIO_PUSH/untar/DECam_00912862_38.fits', '-num_threads', '1']
Directory Exists: /fred/oz100/pipes/arest/DECAM/DEFAULT/rawdata/ut191202/
Directory Exists: /fred/oz100/pipes/arest/DECAM/DEFAULT/rawdata/ut191202/38/
Directory Exists: /fred/oz100/pipes/arest/DECAM/DEFAULT/workspace/ut191202/
Directory Exists: /fred/oz100/pipes/arest/DECAM/DEFAULT/workspace/ut191202/38/
Renaming DECam_00912862_38.jp2 to FRB171019.g.ut191202.912862_38.fits
And moving to: /fred/oz100/pipes/arest/DECAM/DEFAULT/rawdata/ut191202/38/
Prepipe Warning: No master flat detected! Looking for an individual flat..
Prepipe Warning: No master bias detected! Looking for an individual bias..
Traceback (most recent call last):
  File "dwf_prepipe_processccd.py", line 275, in <module>
    main()
  File "dwf_prepipe_processccd.py", line 268, in main
    f"--man-gaia=/fred/oz100/pipes/DWF_PIPE/GAIA_DR2/{Field}_gaia_dr2_LDAC.fits"] )
  File "/apps/skylake/software/compiler/gcc/6.4.0/python/3.6.4/lib/python3.6/subprocess.py", line 291, in check_call
    raise CalledProcessError(retcode, cmd)
subprocess.CalledProcessError: Command '['python', '/home/fstars/dwf_prepipe/dwf_prepipe_preprocess_new.py', '--input-frames=/fred/oz100/pipes/arest/DECAM/DEFAULT/workspace/ut191202/38/FRB171019.g.ut191202.912862_38.fits', '--flat-frames=/fred/oz100/pipes/arest/DECAM/DEFAULT/rawdata/ut191202/38/domeflat.g.ut191202.912782_38.fits', '--bias-frames=/fred/oz100/pipes/arest/DECAM/DEFAULT/rawdata/ut191202/38/bias.ut191202.912695_38.fits', '--badcol-mask=/home/fstars/dwf_prepipe/masks', '--with-scamp-exec=/home/fstars/scamp_gaia/bin/scamp', '--man-gaia=/fred/oz100/pipes/DWF_PIPE/GAIA_DR2/FRB171019_gaia_dr2_LDAC.fits']' died with <Signals.SIGKILL: 9>.
Moving /fred/oz100/pipes/DWF_PIPE/CTIO_PUSH/untar/DECam_00912839_43.jp2 to /fred/oz100/pipes/DWF_PIPE/CTIO_PUSH/untar/DECam_00912839_43.jp2
--------*****
/fred/oz100/pipes/DWF_PIPE/CTIO_PUSH/untar/DECam_00912839_43.fits
Uncompressing: DECam_00912839_43.jp2 in path: /fred/oz100/pipes/DWF_PIPE/CTIO_PUSH/untar/
--------*****
['j2f_DECam', '-i', '/fred/oz100/pipes/DWF_PIPE/CTIO_PUSH/untar/DECam_00912839_43.jp2', '-o', '/fred/oz100/pipes/DWF_PIPE/CTIO_PUSH/untar/DECam_00912839_43.fits', '-num_threads', '1']
Directory Exists: /fred/oz100/pipes/arest/DECAM/DEFAULT/rawdata/ut191202/
Directory Exists: /fred/oz100/pipes/arest/DECAM/DEFAULT/rawdata/ut191202/43/
Directory Exists: /fred/oz100/pipes/arest/DECAM/DEFAULT/workspace/ut191202/
Directory Exists: /fred/oz100/pipes/arest/DECAM/DEFAULT/workspace/ut191202/43/
Renaming DECam_00912839_43.jp2 to FRB171019.g.ut191202.912839_43.fits
And moving to: /fred/oz100/pipes/arest/DECAM/DEFAULT/rawdata/ut191202/43/
Prepipe Warning: No master flat detected! Looking for an individual flat..
Prepipe Warning: No master bias detected! Looking for an individual bias..
Traceback (most recent call last):
  File "dwf_prepipe_processccd.py", line 275, in <module>
    main()
  File "dwf_prepipe_processccd.py", line 268, in main
    f"--man-gaia=/fred/oz100/pipes/DWF_PIPE/GAIA_DR2/{Field}_gaia_dr2_LDAC.fits"] )
  File "/apps/skylake/software/compiler/gcc/6.4.0/python/3.6.4/lib/python3.6/subprocess.py", line 291, in check_call
    raise CalledProcessError(retcode, cmd)
subprocess.CalledProcessError: Command '['python', '/home/fstars/dwf_prepipe/dwf_prepipe_preprocess_new.py', '--input-frames=/fred/oz100/pipes/arest/DECAM/DEFAULT/workspace/ut191202/43/FRB171019.g.ut191202.912839_43.fits', '--flat-frames=/fred/oz100/pipes/arest/DECAM/DEFAULT/rawdata/ut191202/43/domeflat.g.ut191202.912782_43.fits', '--bias-frames=/fred/oz100/pipes/arest/DECAM/DEFAULT/rawdata/ut191202/43/bias.ut191202.912694_43.fits', '--badcol-mask=/home/fstars/dwf_prepipe/masks', '--with-scamp-exec=/home/fstars/scamp_gaia/bin/scamp', '--man-gaia=/fred/oz100/pipes/DWF_PIPE/GAIA_DR2/FRB171019_gaia_dr2_LDAC.fits']' died with <Signals.SIGKILL: 9>.
Moving /fred/oz100/pipes/DWF_PIPE/CTIO_PUSH/untar/DECam_00912878_51.jp2 to /fred/oz100/pipes/DWF_PIPE/CTIO_PUSH/untar/DECam_00912878_51.jp2
--------*****
/fred/oz100/pipes/DWF_PIPE/CTIO_PUSH/untar/DECam_00912878_51.fits
Uncompressing: DECam_00912878_51.jp2 in path: /fred/oz100/pipes/DWF_PIPE/CTIO_PUSH/untar/
--------*****
['j2f_DECam', '-i', '/fred/oz100/pipes/DWF_PIPE/CTIO_PUSH/untar/DECam_00912878_51.jp2', '-o', '/fred/oz100/pipes/DWF_PIPE/CTIO_PUSH/untar/DECam_00912878_51.fits', '-num_threads', '1']
Directory Exists: /fred/oz100/pipes/arest/DECAM/DEFAULT/rawdata/ut191202/
Directory Exists: /fred/oz100/pipes/arest/DECAM/DEFAULT/rawdata/ut191202/51/
Directory Exists: /fred/oz100/pipes/arest/DECAM/DEFAULT/workspace/ut191202/
Directory Exists: /fred/oz100/pipes/arest/DECAM/DEFAULT/workspace/ut191202/51/
Renaming DECam_00912878_51.jp2 to FRB171019.g.ut191202.912878_51.fits
And moving to: /fred/oz100/pipes/arest/DECAM/DEFAULT/rawdata/ut191202/51/
Prepipe Warning: No master flat detected! Looking for an individual flat..
Prepipe Warning: No master bias detected! Looking for an individual bias..
Traceback (most recent call last):
  File "dwf_prepipe_processccd.py", line 275, in <module>
    main()
  File "dwf_prepipe_processccd.py", line 268, in main
    f"--man-gaia=/fred/oz100/pipes/DWF_PIPE/GAIA_DR2/{Field}_gaia_dr2_LDAC.fits"] )
  File "/apps/skylake/software/compiler/gcc/6.4.0/python/3.6.4/lib/python3.6/subprocess.py", line 291, in check_call
    raise CalledProcessError(retcode, cmd)
subprocess.CalledProcessError: Command '['python', '/home/fstars/dwf_prepipe/dwf_prepipe_preprocess_new.py', '--input-frames=/fred/oz100/pipes/arest/DECAM/DEFAULT/workspace/ut191202/51/FRB171019.g.ut191202.912878_51.fits', '--flat-frames=/fred/oz100/pipes/arest/DECAM/DEFAULT/rawdata/ut191202/51/domeflat.g.ut191202.912782_51.fits', '--bias-frames=/fred/oz100/pipes/arest/DECAM/DEFAULT/rawdata/ut191202/51/bias.ut191202.912694_51.fits', '--badcol-mask=/home/fstars/dwf_prepipe/masks', '--with-scamp-exec=/home/fstars/scamp_gaia/bin/scamp', '--man-gaia=/fred/oz100/pipes/DWF_PIPE/GAIA_DR2/FRB171019_gaia_dr2_LDAC.fits']' died with <Signals.SIGKILL: 9>.
Moving /fred/oz100/pipes/DWF_PIPE/CTIO_PUSH/untar/DECam_00912896_47.jp2 to /fred/oz100/pipes/DWF_PIPE/CTIO_PUSH/untar/DECam_00912896_47.jp2
--------*****
/fred/oz100/pipes/DWF_PIPE/CTIO_PUSH/untar/DECam_00912896_47.fits
Uncompressing: DECam_00912896_47.jp2 in path: /fred/oz100/pipes/DWF_PIPE/CTIO_PUSH/untar/
--------*****
['j2f_DECam', '-i', '/fred/oz100/pipes/DWF_PIPE/CTIO_PUSH/untar/DECam_00912896_47.jp2', '-o', '/fred/oz100/pipes/DWF_PIPE/CTIO_PUSH/untar/DECam_00912896_47.fits', '-num_threads', '1']
Directory Exists: /fred/oz100/pipes/arest/DECAM/DEFAULT/rawdata/ut191202/
Directory Exists: /fred/oz100/pipes/arest/DECAM/DEFAULT/rawdata/ut191202/47/
Directory Exists: /fred/oz100/pipes/arest/DECAM/DEFAULT/workspace/ut191202/
Directory Exists: /fred/oz100/pipes/arest/DECAM/DEFAULT/workspace/ut191202/47/
Renaming DECam_00912896_47.jp2 to FRB171019.g.ut191202.912896_47.fits
And moving to: /fred/oz100/pipes/arest/DECAM/DEFAULT/rawdata/ut191202/47/
Prepipe Warning: No master flat detected! Looking for an individual flat..
Prepipe Warning: No master bias detected! Looking for an individual bias..
Traceback (most recent call last):
  File "dwf_prepipe_processccd.py", line 275, in <module>
    main()
  File "dwf_prepipe_processccd.py", line 268, in main
    f"--man-gaia=/fred/oz100/pipes/DWF_PIPE/GAIA_DR2/{Field}_gaia_dr2_LDAC.fits"] )
  File "/apps/skylake/software/compiler/gcc/6.4.0/python/3.6.4/lib/python3.6/subprocess.py", line 291, in check_call
    raise CalledProcessError(retcode, cmd)
subprocess.CalledProcessError: Command '['python', '/home/fstars/dwf_prepipe/dwf_prepipe_preprocess_new.py', '--input-frames=/fred/oz100/pipes/arest/DECAM/DEFAULT/workspace/ut191202/47/FRB171019.g.ut191202.912896_47.fits', '--flat-frames=/fred/oz100/pipes/arest/DECAM/DEFAULT/rawdata/ut191202/47/domeflat.g.ut191202.912782_47.fits', '--bias-frames=/fred/oz100/pipes/arest/DECAM/DEFAULT/rawdata/ut191202/47/bias.ut191202.912694_47.fits', '--badcol-mask=/home/fstars/dwf_prepipe/masks', '--with-scamp-exec=/home/fstars/scamp_gaia/bin/scamp', '--man-gaia=/fred/oz100/pipes/DWF_PIPE/GAIA_DR2/FRB171019_gaia_dr2_LDAC.fits']' died with <Signals.SIGKILL: 9>.
Moving /fred/oz100/pipes/DWF_PIPE/CTIO_PUSH/untar/DECam_00912859_16.jp2 to /fred/oz100/pipes/DWF_PIPE/CTIO_PUSH/untar/DECam_00912859_16.jp2
--------*****
/fred/oz100/pipes/DWF_PIPE/CTIO_PUSH/untar/DECam_00912859_16.fits
Uncompressing: DECam_00912859_16.jp2 in path: /fred/oz100/pipes/DWF_PIPE/CTIO_PUSH/untar/
--------*****
['j2f_DECam', '-i', '/fred/oz100/pipes/DWF_PIPE/CTIO_PUSH/untar/DECam_00912859_16.jp2', '-o', '/fred/oz100/pipes/DWF_PIPE/CTIO_PUSH/untar/DECam_00912859_16.fits', '-num_threads', '1']
Directory Exists: /fred/oz100/pipes/arest/DECAM/DEFAULT/rawdata/ut191202/
Directory Exists: /fred/oz100/pipes/arest/DECAM/DEFAULT/rawdata/ut191202/16/
Directory Exists: /fred/oz100/pipes/arest/DECAM/DEFAULT/workspace/ut191202/
Directory Exists: /fred/oz100/pipes/arest/DECAM/DEFAULT/workspace/ut191202/16/
Renaming DECam_00912859_16.jp2 to FRB171019.g.ut191202.912859_16.fits
And moving to: /fred/oz100/pipes/arest/DECAM/DEFAULT/rawdata/ut191202/16/
Prepipe Warning: No master flat detected! Looking for an individual flat..
Prepipe Warning: No master bias detected! Looking for an individual bias..
Traceback (most recent call last):
  File "dwf_prepipe_processccd.py", line 275, in <module>
    main()
  File "dwf_prepipe_processccd.py", line 268, in main
    f"--man-gaia=/fred/oz100/pipes/DWF_PIPE/GAIA_DR2/{Field}_gaia_dr2_LDAC.fits"] )
  File "/apps/skylake/software/compiler/gcc/6.4.0/python/3.6.4/lib/python3.6/subprocess.py", line 291, in check_call
    raise CalledProcessError(retcode, cmd)
subprocess.CalledProcessError: Command '['python', '/home/fstars/dwf_prepipe/dwf_prepipe_preprocess_new.py', '--input-frames=/fred/oz100/pipes/arest/DECAM/DEFAULT/workspace/ut191202/16/FRB171019.g.ut191202.912859_16.fits', '--flat-frames=/fred/oz100/pipes/arest/DECAM/DEFAULT/rawdata/ut191202/16/domeflat.g.ut191202.912782_16.fits', '--bias-frames=/fred/oz100/pipes/arest/DECAM/DEFAULT/rawdata/ut191202/16/bias.ut191202.912695_16.fits', '--badcol-mask=/home/fstars/dwf_prepipe/masks', '--with-scamp-exec=/home/fstars/scamp_gaia/bin/scamp', '--man-gaia=/fred/oz100/pipes/DWF_PIPE/GAIA_DR2/FRB171019_gaia_dr2_LDAC.fits']' died with <Signals.SIGKILL: 9>.
Moving /fred/oz100/pipes/DWF_PIPE/CTIO_PUSH/untar/DECam_00912857_52.jp2 to /fred/oz100/pipes/DWF_PIPE/CTIO_PUSH/untar/DECam_00912857_52.jp2
--------*****
/fred/oz100/pipes/DWF_PIPE/CTIO_PUSH/untar/DECam_00912857_52.fits
Uncompressing: DECam_00912857_52.jp2 in path: /fred/oz100/pipes/DWF_PIPE/CTIO_PUSH/untar/
--------*****
['j2f_DECam', '-i', '/fred/oz100/pipes/DWF_PIPE/CTIO_PUSH/untar/DECam_00912857_52.jp2', '-o', '/fred/oz100/pipes/DWF_PIPE/CTIO_PUSH/untar/DECam_00912857_52.fits', '-num_threads', '1']
Directory Exists: /fred/oz100/pipes/arest/DECAM/DEFAULT/rawdata/ut191202/
Directory Exists: /fred/oz100/pipes/arest/DECAM/DEFAULT/rawdata/ut191202/52/
Directory Exists: /fred/oz100/pipes/arest/DECAM/DEFAULT/workspace/ut191202/
Directory Exists: /fred/oz100/pipes/arest/DECAM/DEFAULT/workspace/ut191202/52/
Renaming DECam_00912857_52.jp2 to FRB171019.g.ut191202.912857_52.fits
And moving to: /fred/oz100/pipes/arest/DECAM/DEFAULT/rawdata/ut191202/52/
Prepipe Warning: No master flat detected! Looking for an individual flat..
Prepipe Warning: No master bias detected! Looking for an individual bias..
Traceback (most recent call last):
  File "dwf_prepipe_processccd.py", line 275, in <module>
    main()
  File "dwf_prepipe_processccd.py", line 268, in main
    f"--man-gaia=/fred/oz100/pipes/DWF_PIPE/GAIA_DR2/{Field}_gaia_dr2_LDAC.fits"] )
  File "/apps/skylake/software/compiler/gcc/6.4.0/python/3.6.4/lib/python3.6/subprocess.py", line 291, in check_call
    raise CalledProcessError(retcode, cmd)
subprocess.CalledProcessError: Command '['python', '/home/fstars/dwf_prepipe/dwf_prepipe_preprocess_new.py', '--input-frames=/fred/oz100/pipes/arest/DECAM/DEFAULT/workspace/ut191202/52/FRB171019.g.ut191202.912857_52.fits', '--flat-frames=/fred/oz100/pipes/arest/DECAM/DEFAULT/rawdata/ut191202/52/domeflat.g.ut191202.912782_52.fits', '--bias-frames=/fred/oz100/pipes/arest/DECAM/DEFAULT/rawdata/ut191202/52/bias.ut191202.912695_52.fits', '--badcol-mask=/home/fstars/dwf_prepipe/masks', '--with-scamp-exec=/home/fstars/scamp_gaia/bin/scamp', '--man-gaia=/fred/oz100/pipes/DWF_PIPE/GAIA_DR2/FRB171019_gaia_dr2_LDAC.fits']' died with <Signals.SIGKILL: 9>.
Moving /fred/oz100/pipes/DWF_PIPE/CTIO_PUSH/untar/DECam_00912867_10.jp2 to /fred/oz100/pipes/DWF_PIPE/CTIO_PUSH/untar/DECam_00912867_10.jp2
--------*****
/fred/oz100/pipes/DWF_PIPE/CTIO_PUSH/untar/DECam_00912867_10.fits
Uncompressing: DECam_00912867_10.jp2 in path: /fred/oz100/pipes/DWF_PIPE/CTIO_PUSH/untar/
--------*****
['j2f_DECam', '-i', '/fred/oz100/pipes/DWF_PIPE/CTIO_PUSH/untar/DECam_00912867_10.jp2', '-o', '/fred/oz100/pipes/DWF_PIPE/CTIO_PUSH/untar/DECam_00912867_10.fits', '-num_threads', '1']
Directory Exists: /fred/oz100/pipes/arest/DECAM/DEFAULT/rawdata/ut191202/
Directory Exists: /fred/oz100/pipes/arest/DECAM/DEFAULT/rawdata/ut191202/10/
Directory Exists: /fred/oz100/pipes/arest/DECAM/DEFAULT/workspace/ut191202/
Directory Exists: /fred/oz100/pipes/arest/DECAM/DEFAULT/workspace/ut191202/10/
Renaming DECam_00912867_10.jp2 to FRB171019.g.ut191202.912867_10.fits
And moving to: /fred/oz100/pipes/arest/DECAM/DEFAULT/rawdata/ut191202/10/
Prepipe Warning: No master flat detected! Looking for an individual flat..
Prepipe Warning: No master bias detected! Looking for an individual bias..
Moving /fred/oz100/pipes/DWF_PIPE/CTIO_PUSH/untar/DECam_00912847_39.jp2 to /fred/oz100/pipes/DWF_PIPE/CTIO_PUSH/untar/DECam_00912847_39.jp2
--------*****
/fred/oz100/pipes/DWF_PIPE/CTIO_PUSH/untar/DECam_00912847_39.fits
Uncompressing: DECam_00912847_39.jp2 in path: /fred/oz100/pipes/DWF_PIPE/CTIO_PUSH/untar/
--------*****
['j2f_DECam', '-i', '/fred/oz100/pipes/DWF_PIPE/CTIO_PUSH/untar/DECam_00912847_39.jp2', '-o', '/fred/oz100/pipes/DWF_PIPE/CTIO_PUSH/untar/DECam_00912847_39.fits', '-num_threads', '1']
Directory Exists: /fred/oz100/pipes/arest/DECAM/DEFAULT/rawdata/ut191202/
Directory Exists: /fred/oz100/pipes/arest/DECAM/DEFAULT/rawdata/ut191202/39/
Directory Exists: /fred/oz100/pipes/arest/DECAM/DEFAULT/workspace/ut191202/
Directory Exists: /fred/oz100/pipes/arest/DECAM/DEFAULT/workspace/ut191202/39/
Renaming DECam_00912847_39.jp2 to FRB171019.g.ut191202.912847_39.fits
And moving to: /fred/oz100/pipes/arest/DECAM/DEFAULT/rawdata/ut191202/39/
Prepipe Warning: No master flat detected! Looking for an individual flat..
Prepipe Warning: No master bias detected! Looking for an individual bias..
Traceback (most recent call last):
  File "dwf_prepipe_processccd.py", line 275, in <module>
    main()
  File "dwf_prepipe_processccd.py", line 268, in main
    f"--man-gaia=/fred/oz100/pipes/DWF_PIPE/GAIA_DR2/{Field}_gaia_dr2_LDAC.fits"] )
  File "/apps/skylake/software/compiler/gcc/6.4.0/python/3.6.4/lib/python3.6/subprocess.py", line 291, in check_call
    raise CalledProcessError(retcode, cmd)
subprocess.CalledProcessError: Command '['python', '/home/fstars/dwf_prepipe/dwf_prepipe_preprocess_new.py', '--input-frames=/fred/oz100/pipes/arest/DECAM/DEFAULT/workspace/ut191202/10/FRB171019.g.ut191202.912867_10.fits', '--flat-frames=/fred/oz100/pipes/arest/DECAM/DEFAULT/rawdata/ut191202/10/domeflat.g.ut191202.912782_10.fits', '--bias-frames=/fred/oz100/pipes/arest/DECAM/DEFAULT/rawdata/ut191202/10/bias.ut191202.912695_10.fits', '--badcol-mask=/home/fstars/dwf_prepipe/masks', '--with-scamp-exec=/home/fstars/scamp_gaia/bin/scamp', '--man-gaia=/fred/oz100/pipes/DWF_PIPE/GAIA_DR2/FRB171019_gaia_dr2_LDAC.fits']' died with <Signals.SIGKILL: 9>.
Traceback (most recent call last):
  File "dwf_prepipe_processccd.py", line 275, in <module>
    main()
  File "dwf_prepipe_processccd.py", line 268, in main
    f"--man-gaia=/fred/oz100/pipes/DWF_PIPE/GAIA_DR2/{Field}_gaia_dr2_LDAC.fits"] )
  File "/apps/skylake/software/compiler/gcc/6.4.0/python/3.6.4/lib/python3.6/subprocess.py", line 291, in check_call
    raise CalledProcessError(retcode, cmd)
subprocess.CalledProcessError: Command '['python', '/home/fstars/dwf_prepipe/dwf_prepipe_preprocess_new.py', '--input-frames=/fred/oz100/pipes/arest/DECAM/DEFAULT/workspace/ut191202/39/FRB171019.g.ut191202.912847_39.fits', '--flat-frames=/fred/oz100/pipes/arest/DECAM/DEFAULT/rawdata/ut191202/39/domeflat.g.ut191202.912782_39.fits', '--bias-frames=/fred/oz100/pipes/arest/DECAM/DEFAULT/rawdata/ut191202/39/bias.ut191202.912695_39.fits', '--badcol-mask=/home/fstars/dwf_prepipe/masks', '--with-scamp-exec=/home/fstars/scamp_gaia/bin/scamp', '--man-gaia=/fred/oz100/pipes/DWF_PIPE/GAIA_DR2/FRB171019_gaia_dr2_LDAC.fits']' died with <Signals.SIGKILL: 9>.
Moving /fred/oz100/pipes/DWF_PIPE/CTIO_PUSH/untar/DECam_00912828_46.jp2 to /fred/oz100/pipes/DWF_PIPE/CTIO_PUSH/untar/DECam_00912828_46.jp2
--------*****
/fred/oz100/pipes/DWF_PIPE/CTIO_PUSH/untar/DECam_00912828_46.fits
Uncompressing: DECam_00912828_46.jp2 in path: /fred/oz100/pipes/DWF_PIPE/CTIO_PUSH/untar/
--------*****
['j2f_DECam', '-i', '/fred/oz100/pipes/DWF_PIPE/CTIO_PUSH/untar/DECam_00912828_46.jp2', '-o', '/fred/oz100/pipes/DWF_PIPE/CTIO_PUSH/untar/DECam_00912828_46.fits', '-num_threads', '1']
Directory Exists: /fred/oz100/pipes/arest/DECAM/DEFAULT/rawdata/ut191202/
Directory Exists: /fred/oz100/pipes/arest/DECAM/DEFAULT/rawdata/ut191202/46/
Directory Exists: /fred/oz100/pipes/arest/DECAM/DEFAULT/workspace/ut191202/
Directory Exists: /fred/oz100/pipes/arest/DECAM/DEFAULT/workspace/ut191202/46/
Renaming DECam_00912828_46.jp2 to FRB171019.i.ut191202.912828_46.fits
And moving to: /fred/oz100/pipes/arest/DECAM/DEFAULT/rawdata/ut191202/46/
Prepipe Warning: No master flat detected! Looking for an individual flat..
Prepipe Error: No flats detected! Exiting 
Moving /fred/oz100/pipes/DWF_PIPE/CTIO_PUSH/untar/DECam_00912840_32.jp2 to /fred/oz100/pipes/DWF_PIPE/CTIO_PUSH/untar/DECam_00912840_32.jp2
--------*****
/fred/oz100/pipes/DWF_PIPE/CTIO_PUSH/untar/DECam_00912840_32.fits
Uncompressing: DECam_00912840_32.jp2 in path: /fred/oz100/pipes/DWF_PIPE/CTIO_PUSH/untar/
--------*****
['j2f_DECam', '-i', '/fred/oz100/pipes/DWF_PIPE/CTIO_PUSH/untar/DECam_00912840_32.jp2', '-o', '/fred/oz100/pipes/DWF_PIPE/CTIO_PUSH/untar/DECam_00912840_32.fits', '-num_threads', '1']
Directory Exists: /fred/oz100/pipes/arest/DECAM/DEFAULT/rawdata/ut191202/
Directory Exists: /fred/oz100/pipes/arest/DECAM/DEFAULT/rawdata/ut191202/32/
Directory Exists: /fred/oz100/pipes/arest/DECAM/DEFAULT/workspace/ut191202/
Directory Exists: /fred/oz100/pipes/arest/DECAM/DEFAULT/workspace/ut191202/32/
Renaming DECam_00912840_32.jp2 to FRB171019.g.ut191202.912840_32.fits
And moving to: /fred/oz100/pipes/arest/DECAM/DEFAULT/rawdata/ut191202/32/
Prepipe Warning: No master flat detected! Looking for an individual flat..
Prepipe Warning: No master bias detected! Looking for an individual bias..
Traceback (most recent call last):
  File "dwf_prepipe_processccd.py", line 275, in <module>
    main()
  File "dwf_prepipe_processccd.py", line 268, in main
    f"--man-gaia=/fred/oz100/pipes/DWF_PIPE/GAIA_DR2/{Field}_gaia_dr2_LDAC.fits"] )
  File "/apps/skylake/software/compiler/gcc/6.4.0/python/3.6.4/lib/python3.6/subprocess.py", line 291, in check_call
    raise CalledProcessError(retcode, cmd)
subprocess.CalledProcessError: Command '['python', '/home/fstars/dwf_prepipe/dwf_prepipe_preprocess_new.py', '--input-frames=/fred/oz100/pipes/arest/DECAM/DEFAULT/workspace/ut191202/32/FRB171019.g.ut191202.912840_32.fits', '--flat-frames=/fred/oz100/pipes/arest/DECAM/DEFAULT/rawdata/ut191202/32/domeflat.g.ut191202.912782_32.fits', '--bias-frames=/fred/oz100/pipes/arest/DECAM/DEFAULT/rawdata/ut191202/32/bias.ut191202.912694_32.fits', '--badcol-mask=/home/fstars/dwf_prepipe/masks', '--with-scamp-exec=/home/fstars/scamp_gaia/bin/scamp', '--man-gaia=/fred/oz100/pipes/DWF_PIPE/GAIA_DR2/FRB171019_gaia_dr2_LDAC.fits']' died with <Signals.SIGKILL: 9>.
slurmstepd: error: Detected 1 oom-kill event(s) in step 7343862.batch cgroup. Some of your processes may have been killed by the cgroup out-of-memory handler.
slurmstepd: error: Detected 1 oom-kill event(s) in step 7343866.batch cgroup. Some of your processes may have been killed by the cgroup out-of-memory handler.
slurmstepd: error: Detected 1 oom-kill event(s) in step 7343864.batch cgroup. Some of your processes may have been killed by the cgroup out-of-memory handler.
slurmstepd: error: Detected 1 oom-kill event(s) in step 7343875.batch cgroup. Some of your processes may have been killed by the cgroup out-of-memory handler.
slurmstepd: error: Detected 1 oom-kill event(s) in step 7343868.batch cgroup. Some of your processes may have been killed by the cgroup out-of-memory handler.
slurmstepd: error: Detected 1 oom-kill event(s) in step 7343867.batch cgroup. Some of your processes may have been killed by the cgroup out-of-memory handler.
Moving /fred/oz100/pipes/DWF_PIPE/CTIO_PUSH/untar/DECam_00912845_2.jp2 to /fred/oz100/pipes/DWF_PIPE/CTIO_PUSH/untar/DECam_00912845_2.jp2
--------*****
/fred/oz100/pipes/DWF_PIPE/CTIO_PUSH/untar/DECam_00912845_2.fits
Uncompressing: DECam_00912845_2.jp2 in path: /fred/oz100/pipes/DWF_PIPE/CTIO_PUSH/untar/
--------*****
['j2f_DECam', '-i', '/fred/oz100/pipes/DWF_PIPE/CTIO_PUSH/untar/DECam_00912845_2.jp2', '-o', '/fred/oz100/pipes/DWF_PIPE/CTIO_PUSH/untar/DECam_00912845_2.fits', '-num_threads', '1']
Directory Exists: /fred/oz100/pipes/arest/DECAM/DEFAULT/rawdata/ut191202/
Directory Exists: /fred/oz100/pipes/arest/DECAM/DEFAULT/rawdata/ut191202/2/
Directory Exists: /fred/oz100/pipes/arest/DECAM/DEFAULT/workspace/ut191202/
Directory Exists: /fred/oz100/pipes/arest/DECAM/DEFAULT/workspace/ut191202/2/
Renaming DECam_00912845_2.jp2 to FRB171019.g.ut191202.912845_2.fits
And moving to: /fred/oz100/pipes/arest/DECAM/DEFAULT/rawdata/ut191202/2/
Prepipe Warning: No master flat detected! Looking for an individual flat..
Prepipe Warning: No master bias detected! Looking for an individual bias..
Traceback (most recent call last):
  File "dwf_prepipe_processccd.py", line 275, in <module>
    main()
  File "dwf_prepipe_processccd.py", line 268, in main
    f"--man-gaia=/fred/oz100/pipes/DWF_PIPE/GAIA_DR2/{Field}_gaia_dr2_LDAC.fits"] )
  File "/apps/skylake/software/compiler/gcc/6.4.0/python/3.6.4/lib/python3.6/subprocess.py", line 291, in check_call
    raise CalledProcessError(retcode, cmd)
subprocess.CalledProcessError: Command '['python', '/home/fstars/dwf_prepipe/dwf_prepipe_preprocess_new.py', '--input-frames=/fred/oz100/pipes/arest/DECAM/DEFAULT/workspace/ut191202/2/FRB171019.g.ut191202.912845_2.fits', '--flat-frames=/fred/oz100/pipes/arest/DECAM/DEFAULT/rawdata/ut191202/2/domeflat.g.ut191202.912782_2.fits', '--bias-frames=/fred/oz100/pipes/arest/DECAM/DEFAULT/rawdata/ut191202/2/bias.ut191202.912694_2.fits', '--badcol-mask=/home/fstars/dwf_prepipe/masks', '--with-scamp-exec=/home/fstars/scamp_gaia/bin/scamp', '--man-gaia=/fred/oz100/pipes/DWF_PIPE/GAIA_DR2/FRB171019_gaia_dr2_LDAC.fits']' died with <Signals.SIGKILL: 9>.
slurmstepd: error: Detected 1 oom-kill event(s) in step 7343869.batch cgroup. Some of your processes may have been killed by the cgroup out-of-memory handler.
slurmstepd: error: Detected 1 oom-kill event(s) in step 7343874.batch cgroup. Some of your processes may have been killed by the cgroup out-of-memory handler.
slurmstepd: error: Detected 1 oom-kill event(s) in step 7343861.batch cgroup. Some of your processes may have been killed by the cgroup out-of-memory handler.
slurmstepd: error: Detected 1 oom-kill event(s) in step 7343876.batch cgroup. Some of your processes may have been killed by the cgroup out-of-memory handler.
Moving /fred/oz100/pipes/DWF_PIPE/CTIO_PUSH/untar/DECam_00912876_15.jp2 to /fred/oz100/pipes/DWF_PIPE/CTIO_PUSH/untar/DECam_00912876_15.jp2
--------*****
/fred/oz100/pipes/DWF_PIPE/CTIO_PUSH/untar/DECam_00912876_15.fits
Uncompressing: DECam_00912876_15.jp2 in path: /fred/oz100/pipes/DWF_PIPE/CTIO_PUSH/untar/
--------*****
['j2f_DECam', '-i', '/fred/oz100/pipes/DWF_PIPE/CTIO_PUSH/untar/DECam_00912876_15.jp2', '-o', '/fred/oz100/pipes/DWF_PIPE/CTIO_PUSH/untar/DECam_00912876_15.fits', '-num_threads', '1']
Directory Exists: /fred/oz100/pipes/arest/DECAM/DEFAULT/rawdata/ut191202/
Directory Exists: /fred/oz100/pipes/arest/DECAM/DEFAULT/rawdata/ut191202/15/
Directory Exists: /fred/oz100/pipes/arest/DECAM/DEFAULT/workspace/ut191202/
Directory Exists: /fred/oz100/pipes/arest/DECAM/DEFAULT/workspace/ut191202/15/
Renaming DECam_00912876_15.jp2 to FRB171019.g.ut191202.912876_15.fits
And moving to: /fred/oz100/pipes/arest/DECAM/DEFAULT/rawdata/ut191202/15/
Prepipe Warning: No master flat detected! Looking for an individual flat..
Prepipe Warning: No master bias detected! Looking for an individual bias..
Traceback (most recent call last):
  File "dwf_prepipe_processccd.py", line 275, in <module>
    main()
  File "dwf_prepipe_processccd.py", line 268, in main
    f"--man-gaia=/fred/oz100/pipes/DWF_PIPE/GAIA_DR2/{Field}_gaia_dr2_LDAC.fits"] )
  File "/apps/skylake/software/compiler/gcc/6.4.0/python/3.6.4/lib/python3.6/subprocess.py", line 291, in check_call
    raise CalledProcessError(retcode, cmd)
subprocess.CalledProcessError: Command '['python', '/home/fstars/dwf_prepipe/dwf_prepipe_preprocess_new.py', '--input-frames=/fred/oz100/pipes/arest/DECAM/DEFAULT/workspace/ut191202/15/FRB171019.g.ut191202.912876_15.fits', '--flat-frames=/fred/oz100/pipes/arest/DECAM/DEFAULT/rawdata/ut191202/15/domeflat.g.ut191202.912782_15.fits', '--bias-frames=/fred/oz100/pipes/arest/DECAM/DEFAULT/rawdata/ut191202/15/bias.ut191202.912695_15.fits', '--badcol-mask=/home/fstars/dwf_prepipe/masks', '--with-scamp-exec=/home/fstars/scamp_gaia/bin/scamp', '--man-gaia=/fred/oz100/pipes/DWF_PIPE/GAIA_DR2/FRB171019_gaia_dr2_LDAC.fits']' died with <Signals.SIGKILL: 9>.
slurmstepd: error: Detected 1 oom-kill event(s) in step 7343857.batch cgroup. Some of your processes may have been killed by the cgroup out-of-memory handler.
slurmstepd: error: Detected 1 oom-kill event(s) in step 7343877.batch cgroup. Some of your processes may have been killed by the cgroup out-of-memory handler.
slurmstepd: error: Detected 1 oom-kill event(s) in step 7343850.batch cgroup. Some of your processes may have been killed by the cgroup out-of-memory handler.
slurmstepd: error: Detected 1 oom-kill event(s) in step 7343854.batch cgroup. Some of your processes may have been killed by the cgroup out-of-memory handler.
slurmstepd: error: Detected 1 oom-kill event(s) in step 7343893.batch cgroup. Some of your processes may have been killed by the cgroup out-of-memory handler.
Moving /fred/oz100/pipes/DWF_PIPE/CTIO_PUSH/untar/DECam_00912865_33.jp2 to /fred/oz100/pipes/DWF_PIPE/CTIO_PUSH/untar/DECam_00912865_33.jp2
--------*****
/fred/oz100/pipes/DWF_PIPE/CTIO_PUSH/untar/DECam_00912865_33.fits
Uncompressing: DECam_00912865_33.jp2 in path: /fred/oz100/pipes/DWF_PIPE/CTIO_PUSH/untar/
--------*****
['j2f_DECam', '-i', '/fred/oz100/pipes/DWF_PIPE/CTIO_PUSH/untar/DECam_00912865_33.jp2', '-o', '/fred/oz100/pipes/DWF_PIPE/CTIO_PUSH/untar/DECam_00912865_33.fits', '-num_threads', '1']
Directory Exists: /fred/oz100/pipes/arest/DECAM/DEFAULT/rawdata/ut191202/
Directory Exists: /fred/oz100/pipes/arest/DECAM/DEFAULT/rawdata/ut191202/33/
Directory Exists: /fred/oz100/pipes/arest/DECAM/DEFAULT/workspace/ut191202/
Directory Exists: /fred/oz100/pipes/arest/DECAM/DEFAULT/workspace/ut191202/33/
Renaming DECam_00912865_33.jp2 to FRB171019.g.ut191202.912865_33.fits
And moving to: /fred/oz100/pipes/arest/DECAM/DEFAULT/rawdata/ut191202/33/
Prepipe Warning: No master flat detected! Looking for an individual flat..
Prepipe Warning: No master bias detected! Looking for an individual bias..
Traceback (most recent call last):
  File "dwf_prepipe_processccd.py", line 275, in <module>
    main()
  File "dwf_prepipe_processccd.py", line 268, in main
    f"--man-gaia=/fred/oz100/pipes/DWF_PIPE/GAIA_DR2/{Field}_gaia_dr2_LDAC.fits"] )
  File "/apps/skylake/software/compiler/gcc/6.4.0/python/3.6.4/lib/python3.6/subprocess.py", line 291, in check_call
    raise CalledProcessError(retcode, cmd)
subprocess.CalledProcessError: Command '['python', '/home/fstars/dwf_prepipe/dwf_prepipe_preprocess_new.py', '--input-frames=/fred/oz100/pipes/arest/DECAM/DEFAULT/workspace/ut191202/33/FRB171019.g.ut191202.912865_33.fits', '--flat-frames=/fred/oz100/pipes/arest/DECAM/DEFAULT/rawdata/ut191202/33/domeflat.g.ut191202.912773_33.fits', '--bias-frames=/fred/oz100/pipes/arest/DECAM/DEFAULT/rawdata/ut191202/33/bias.ut191202.912694_33.fits', '--badcol-mask=/home/fstars/dwf_prepipe/masks', '--with-scamp-exec=/home/fstars/scamp_gaia/bin/scamp', '--man-gaia=/fred/oz100/pipes/DWF_PIPE/GAIA_DR2/FRB171019_gaia_dr2_LDAC.fits']' died with <Signals.SIGKILL: 9>.
Moving /fred/oz100/pipes/DWF_PIPE/CTIO_PUSH/untar/DECam_00912846_57.jp2 to /fred/oz100/pipes/DWF_PIPE/CTIO_PUSH/untar/DECam_00912846_57.jp2
--------*****
/fred/oz100/pipes/DWF_PIPE/CTIO_PUSH/untar/DECam_00912846_57.fits
Uncompressing: DECam_00912846_57.jp2 in path: /fred/oz100/pipes/DWF_PIPE/CTIO_PUSH/untar/
--------*****
['j2f_DECam', '-i', '/fred/oz100/pipes/DWF_PIPE/CTIO_PUSH/untar/DECam_00912846_57.jp2', '-o', '/fred/oz100/pipes/DWF_PIPE/CTIO_PUSH/untar/DECam_00912846_57.fits', '-num_threads', '1']
Directory Exists: /fred/oz100/pipes/arest/DECAM/DEFAULT/rawdata/ut191202/
Directory Exists: /fred/oz100/pipes/arest/DECAM/DEFAULT/rawdata/ut191202/57/
Directory Exists: /fred/oz100/pipes/arest/DECAM/DEFAULT/workspace/ut191202/
Directory Exists: /fred/oz100/pipes/arest/DECAM/DEFAULT/workspace/ut191202/57/
Renaming DECam_00912846_57.jp2 to FRB171019.g.ut191202.912846_57.fits
And moving to: /fred/oz100/pipes/arest/DECAM/DEFAULT/rawdata/ut191202/57/
Prepipe Warning: No master flat detected! Looking for an individual flat..
Prepipe Warning: No master bias detected! Looking for an individual bias..
slurmstepd: error: Detected 1 oom-kill event(s) in step 7343880.batch cgroup. Some of your processes may have been killed by the cgroup out-of-memory handler.
Traceback (most recent call last):
  File "dwf_prepipe_processccd.py", line 275, in <module>
    main()
  File "dwf_prepipe_processccd.py", line 268, in main
    f"--man-gaia=/fred/oz100/pipes/DWF_PIPE/GAIA_DR2/{Field}_gaia_dr2_LDAC.fits"] )
  File "/apps/skylake/software/compiler/gcc/6.4.0/python/3.6.4/lib/python3.6/subprocess.py", line 291, in check_call
    raise CalledProcessError(retcode, cmd)
subprocess.CalledProcessError: Command '['python', '/home/fstars/dwf_prepipe/dwf_prepipe_preprocess_new.py', '--input-frames=/fred/oz100/pipes/arest/DECAM/DEFAULT/workspace/ut191202/57/FRB171019.g.ut191202.912846_57.fits', '--flat-frames=/fred/oz100/pipes/arest/DECAM/DEFAULT/rawdata/ut191202/57/domeflat.g.ut191202.912782_57.fits', '--bias-frames=/fred/oz100/pipes/arest/DECAM/DEFAULT/rawdata/ut191202/57/bias.ut191202.912695_57.fits', '--badcol-mask=/home/fstars/dwf_prepipe/masks', '--with-scamp-exec=/home/fstars/scamp_gaia/bin/scamp', '--man-gaia=/fred/oz100/pipes/DWF_PIPE/GAIA_DR2/FRB171019_gaia_dr2_LDAC.fits']' died with <Signals.SIGKILL: 9>.
slurmstepd: error: Detected 1 oom-kill event(s) in step 7343888.batch cgroup. Some of your processes may have been killed by the cgroup out-of-memory handler.
Moving /fred/oz100/pipes/DWF_PIPE/CTIO_PUSH/untar/DECam_00912824_21.jp2 to /fred/oz100/pipes/DWF_PIPE/CTIO_PUSH/untar/DECam_00912824_21.jp2
--------*****
/fred/oz100/pipes/DWF_PIPE/CTIO_PUSH/untar/DECam_00912824_21.fits
Uncompressing: DECam_00912824_21.jp2 in path: /fred/oz100/pipes/DWF_PIPE/CTIO_PUSH/untar/
--------*****
['j2f_DECam', '-i', '/fred/oz100/pipes/DWF_PIPE/CTIO_PUSH/untar/DECam_00912824_21.jp2', '-o', '/fred/oz100/pipes/DWF_PIPE/CTIO_PUSH/untar/DECam_00912824_21.fits', '-num_threads', '1']
Directory Exists: /fred/oz100/pipes/arest/DECAM/DEFAULT/rawdata/ut191202/
Directory Exists: /fred/oz100/pipes/arest/DECAM/DEFAULT/rawdata/ut191202/21/
Directory Exists: /fred/oz100/pipes/arest/DECAM/DEFAULT/workspace/ut191202/
Directory Exists: /fred/oz100/pipes/arest/DECAM/DEFAULT/workspace/ut191202/21/
Renaming DECam_00912824_21.jp2 to FRB171019.i.ut191202.912824_21.fits
And moving to: /fred/oz100/pipes/arest/DECAM/DEFAULT/rawdata/ut191202/21/
Prepipe Warning: No master flat detected! Looking for an individual flat..
Prepipe Error: No flats detected! Exiting 
Moving /fred/oz100/pipes/DWF_PIPE/CTIO_PUSH/untar/DECam_00912869_54.jp2 to /fred/oz100/pipes/DWF_PIPE/CTIO_PUSH/untar/DECam_00912869_54.jp2
--------*****
/fred/oz100/pipes/DWF_PIPE/CTIO_PUSH/untar/DECam_00912869_54.fits
Uncompressing: DECam_00912869_54.jp2 in path: /fred/oz100/pipes/DWF_PIPE/CTIO_PUSH/untar/
--------*****
['j2f_DECam', '-i', '/fred/oz100/pipes/DWF_PIPE/CTIO_PUSH/untar/DECam_00912869_54.jp2', '-o', '/fred/oz100/pipes/DWF_PIPE/CTIO_PUSH/untar/DECam_00912869_54.fits', '-num_threads', '1']
Directory Exists: /fred/oz100/pipes/arest/DECAM/DEFAULT/rawdata/ut191202/
Directory Exists: /fred/oz100/pipes/arest/DECAM/DEFAULT/rawdata/ut191202/54/
Directory Exists: /fred/oz100/pipes/arest/DECAM/DEFAULT/workspace/ut191202/
Directory Exists: /fred/oz100/pipes/arest/DECAM/DEFAULT/workspace/ut191202/54/
Renaming DECam_00912869_54.jp2 to FRB171019.g.ut191202.912869_54.fits
And moving to: /fred/oz100/pipes/arest/DECAM/DEFAULT/rawdata/ut191202/54/
Prepipe Warning: No master flat detected! Looking for an individual flat..
Prepipe Warning: No master bias detected! Looking for an individual bias..
Traceback (most recent call last):
  File "dwf_prepipe_processccd.py", line 275, in <module>
    main()
  File "dwf_prepipe_processccd.py", line 268, in main
    f"--man-gaia=/fred/oz100/pipes/DWF_PIPE/GAIA_DR2/{Field}_gaia_dr2_LDAC.fits"] )
  File "/apps/skylake/software/compiler/gcc/6.4.0/python/3.6.4/lib/python3.6/subprocess.py", line 291, in check_call
    raise CalledProcessError(retcode, cmd)
subprocess.CalledProcessError: Command '['python', '/home/fstars/dwf_prepipe/dwf_prepipe_preprocess_new.py', '--input-frames=/fred/oz100/pipes/arest/DECAM/DEFAULT/workspace/ut191202/54/FRB171019.g.ut191202.912869_54.fits', '--flat-frames=/fred/oz100/pipes/arest/DECAM/DEFAULT/rawdata/ut191202/54/domeflat.g.ut191202.912782_54.fits', '--bias-frames=/fred/oz100/pipes/arest/DECAM/DEFAULT/rawdata/ut191202/54/bias.ut191202.912694_54.fits', '--badcol-mask=/home/fstars/dwf_prepipe/masks', '--with-scamp-exec=/home/fstars/scamp_gaia/bin/scamp', '--man-gaia=/fred/oz100/pipes/DWF_PIPE/GAIA_DR2/FRB171019_gaia_dr2_LDAC.fits']' died with <Signals.SIGKILL: 9>.
slurmstepd: error: Detected 1 oom-kill event(s) in step 7343879.batch cgroup. Some of your processes may have been killed by the cgroup out-of-memory handler.
